<?xml version="1.0" encoding="UTF-8"?>
<!-- Generated by org.testng.reporters.JUnitXMLReporter -->
<testsuite ignored="1" hostname="Spectra007" failures="0" tests="3" name="Test" time="0.1" errors="0" timestamp="2023-11-28T22:04:09 IST">
  <testcase classname="TestBasics.FirstTest" name="f" time="0.013"/>
  <testcase classname="TestBasics.FirstTest" name="a" time="0.003"/>
  <testcase classname="TestBasics.FirstTest" name="b" time="0.007"/>
  <testcase classname="TestBasics.FirstTest" name="c" time="0.0">
    <ignored/>
  </testcase> <!-- c -->
</testsuite> <!-- Test -->
