<?xml version="1.0" encoding="UTF-8"?>
<testng-results ignored="0" total="1" passed="1" failed="0" skipped="0">
  <reporter-output>
  </reporter-output>
  <suite started-at="2023-12-06T21:19:03 IST" name="Default suite" finished-at="2023-12-06T21:19:10 IST" duration-ms="6670">
    <groups>
    </groups>
    <test started-at="2023-12-06T21:19:03 IST" name="Default test" finished-at="2023-12-06T21:19:10 IST" duration-ms="6670">
      <class name="TestBasics.ExcelReadExample">
        <test-method is-config="true" signature="beforeMethod()[pri:0, instance:TestBasics.ExcelReadExample@618425b5]" started-at="2023-12-06T21:19:04 IST" name="beforeMethod" finished-at="2023-12-06T21:19:09 IST" duration-ms="5001" status="PASS">
          <reporter-output>
          </reporter-output>
        </test-method> <!-- beforeMethod -->
        <test-method signature="verifyexcelread(java.lang.String,java.lang.String)[pri:0, instance:TestBasics.ExcelReadExample@618425b5]" started-at="2023-12-06T21:19:09 IST" name="verifyexcelread" data-provider="dp" finished-at="2023-12-06T21:19:10 IST" duration-ms="823" status="PASS">
          <params>
            <param index="0">
              <value>
                <![CDATA[admin@admin.com]]>
              </value>
            </param>
            <param index="1">
              <value>
                <![CDATA[12345678]]>
              </value>
            </param>
          </params>
          <reporter-output>
          </reporter-output>
        </test-method> <!-- verifyexcelread -->
        <test-method is-config="true" signature="afterMethod()[pri:0, instance:TestBasics.ExcelReadExample@618425b5]" started-at="2023-12-06T21:19:10 IST" name="afterMethod" finished-at="2023-12-06T21:19:10 IST" duration-ms="0" status="PASS">
          <reporter-output>
          </reporter-output>
        </test-method> <!-- afterMethod -->
      </class> <!-- TestBasics.ExcelReadExample -->
    </test> <!-- Default test -->
  </suite> <!-- Default suite -->
</testng-results>
